{'_playbooks': ['playbooks/prerequisites.yml'], '_inventory': <ansible_ui.inventory.AnsibleUIInventory object at 0x113e8c6a0>, '_variable_manager': <ansible.vars.manager.VariableManager object at 0x112ed7b00>, '_loader': <ansible.parsing.dataloader.DataLoader object at 0x112ed76d8>, '_options': Options(verbosity=0, listhosts=None, subset=None, module_path=None, extra_vars=[], forks=5, ask_vault_pass=False, vault_password_files=[], new_vault_password_files=[], vault_ids=[], new_vault_id=None, tags=['all'], skip_tags=[], ask_pass=False, private_key_file='', remote_user='root', connection='smart', timeout=10, ssh_common_args='', sftp_extra_args='', scp_extra_args='', ssh_extra_args='', sudo=False, sudo_user=None, su=False, su_user=None, become=False, become_method='sudo', become_user='root', ask_sudo_pass=False, ask_su_pass=False, become_ask_pass=False, check=False, syntax=None, diff=False, force_handlers=False, flush_cache=None, listtasks=None, listtags=None, step=None, start_at_task=None, passwords=None, host_key_checking=False, roles_path=['/Users/guang/projects/AnsibleUI/data/ansible/projects/demo/roles'], gathering='smart'), 'passwords': None, '_unreachable_hosts': {}, '_tqm': <ansible.executor.task_queue_manager.TaskQueueManager object at 0x112ee60b8>}
PLAY [Initialization Checkpoint Start] *****************************************
TASK [Set install initialization 'In Progress'] ********************************
[0;32mok: [node1.jumpserver.org][0m
PLAY [Populate config host groups] *********************************************
TASK [Load group name mapping variables] ***************************************
[0;32mok: [localhost][0m
TASK [Evaluate groups - g_etcd_hosts or g_new_etcd_hosts required] *************
[1;35m [WARNING]: Failure using method (v2_runner_on_skipped) in callback plugin (<ansible_ui.ansible.callback.PlaybookResultCallBack object at 0x112ee6048>): 'skipped'[0m
[1;35m[0m
TASK [Evaluate groups - g_master_hosts or g_new_master_hosts required] *********
TASK [Evaluate groups - g_node_hosts or g_new_node_hosts required] *************
TASK [Evaluate groups - g_lb_hosts required] ***********************************
TASK [Evaluate groups - g_nfs_hosts required] **********************************
TASK [Evaluate groups - g_nfs_hosts is single host] ****************************
TASK [Evaluate groups - g_glusterfs_hosts required] ****************************
TASK [Evaluate groups - Fail if no etcd hosts group is defined] ****************
TASK [Evaluate oo_all_hosts] ***************************************************
[0;32mok: [localhost] => (item=master.jumpserver.org)[0m
[0;32mok: [localhost] => (item=node2.jumpserver.org)[0m
[0;32mok: [localhost] => (item=node1.jumpserver.org)[0m
TASK [Evaluate oo_masters] *****************************************************
[0;32mok: [localhost] => (item=master.jumpserver.org)[0m
TASK [Evaluate oo_first_master] ************************************************
[0;32mok: [localhost][0m
TASK [Evaluate oo_new_etcd_to_config] ******************************************
TASK [Evaluate oo_masters_to_config] *******************************************
[0;32mok: [localhost] => (item=master.jumpserver.org)[0m
TASK [Evaluate oo_etcd_to_config] **********************************************
[0;32mok: [localhost] => (item=master.jumpserver.org)[0m
TASK [Evaluate oo_first_etcd] **************************************************
[0;32mok: [localhost][0m
TASK [Evaluate oo_etcd_hosts_to_upgrade] ***************************************
[0;32mok: [localhost] => (item=master.jumpserver.org)[0m
TASK [Evaluate oo_etcd_hosts_to_backup] ****************************************
[0;32mok: [localhost] => (item=master.jumpserver.org)[0m
TASK [Evaluate oo_nodes_to_config] *********************************************
[0;32mok: [localhost] => (item=node2.jumpserver.org)[0m
[0;32mok: [localhost] => (item=node1.jumpserver.org)[0m
[0;32mok: [localhost] => (item=master.jumpserver.org)[0m
TASK [Add master to oo_nodes_to_config] ****************************************
[0;36mskipping: [localhost] => (item=master.jumpserver.org) [0m
TASK [Evaluate oo_lb_to_config] ************************************************
TASK [Evaluate oo_nfs_to_config] ***********************************************
TASK [Evaluate oo_glusterfs_to_config] *****************************************
TASK [Evaluate oo_etcd_to_migrate] *********************************************
[0;32mok: [localhost] => (item=master.jumpserver.org)[0m
[1;35m [WARNING]: Could not match supplied host pattern, ignoring: oo_lb_to_config[0m
[1;35m[0m
[1;35m [WARNING]: Could not match supplied host pattern, ignoring: oo_nfs_to_config[0m
[1;35m[0m
PLAY [Ensure that all non-node hosts are accessible] ***************************
TASK [Gathering Facts] *********************************************************
[0;32mok: [master.jumpserver.org][0m
PLAY [Initialize basic host facts] *********************************************
TASK [Gathering Facts] *********************************************************
[0;32mok: [master.jumpserver.org][0m
[1;31mfatal: [node2.jumpserver.org]: UNREACHABLE! => {"changed": false, "msg": "Failed to connect to the host via ssh: ssh: connect to host 192.168.244.12 port 22: Operation timed out\r\n", "unreachable": true}[0m
[1;31mfatal: [node1.jumpserver.org]: UNREACHABLE! => {"changed": false, "msg": "Failed to connect to the host via ssh: ssh: connect to host 192.168.244.11 port 22: Operation timed out\r\n", "unreachable": true}[0m
TASK [openshift_sanitize_inventory : include_tasks] ****************************
[0;36mincluded: /Users/guang/projects/AnsibleUI/data/ansible/projects/demo/playbooks/openshift-ansible-openshift/roles/openshift_sanitize_inventory/tasks/deprecations.yml for master.jumpserver.org[0m
TASK [openshift_sanitize_inventory : Check for usage of deprecated variables] ***
[0;32mok: [master.jumpserver.org][0m
TASK [openshift_sanitize_inventory : debug] ************************************
TASK [openshift_sanitize_inventory : set_stats] ********************************
TASK [openshift_sanitize_inventory : Assign deprecated variables to correct counterparts] ***
[0;36mincluded: /Users/guang/projects/AnsibleUI/data/ansible/projects/demo/playbooks/openshift-ansible-openshift/roles/openshift_sanitize_inventory/tasks/__deprecations_metrics.yml for master.jumpserver.org[0m
[0;36mincluded: /Users/guang/projects/AnsibleUI/data/ansible/projects/demo/playbooks/openshift-ansible-openshift/roles/openshift_sanitize_inventory/tasks/__deprecations_logging.yml for master.jumpserver.org[0m
TASK [openshift_sanitize_inventory : conditional_set_fact] *********************
[0;32mok: [master.jumpserver.org][0m
TASK [openshift_sanitize_inventory : conditional_set_fact] *********************
[0;32mok: [master.jumpserver.org][0m
TASK [openshift_sanitize_inventory : set_fact] *********************************
[0;32mok: [master.jumpserver.org][0m
TASK [openshift_sanitize_inventory : Standardize on latest variable names] *****
[0;32mok: [master.jumpserver.org][0m
TASK [openshift_sanitize_inventory : Normalize openshift_release] **************
TASK [openshift_sanitize_inventory : Abort when openshift_release is invalid] ***
TASK [openshift_sanitize_inventory : include_tasks] ****************************
[0;36mincluded: /Users/guang/projects/AnsibleUI/data/ansible/projects/demo/playbooks/openshift-ansible-openshift/roles/openshift_sanitize_inventory/tasks/unsupported.yml for master.jumpserver.org[0m
TASK [openshift_sanitize_inventory : Ensure that openshift_use_dnsmasq is true] ***
TASK [openshift_sanitize_inventory : Ensure that openshift_node_dnsmasq_install_network_manager_hook is true] ***
TASK [openshift_sanitize_inventory : set_fact] *********************************
TASK [openshift_sanitize_inventory : Ensure that dynamic provisioning is set if using dynamic storage] ***
TASK [openshift_sanitize_inventory : Ensure the hosted registry's GlusterFS storage is configured correctly] ***
TASK [openshift_sanitize_inventory : Ensure the hosted registry's GlusterFS storage is configured correctly] ***
TASK [openshift_sanitize_inventory : Ensure clusterid is set along with the cloudprovider] ***
TASK [openshift_sanitize_inventory : Ensure ansible_service_broker_remove and ansible_service_broker_install are mutually exclusive] ***
TASK [openshift_sanitize_inventory : Ensure template_service_broker_remove and template_service_broker_install are mutually exclusive] ***
TASK [openshift_sanitize_inventory : Ensure that all requires vsphere configuration variables are set] ***
TASK [openshift_sanitize_inventory : Ensure removed web console extension variables are not set] ***
TASK [openshift_sanitize_inventory : Ensure that web console port matches API server port] ***
TASK [openshift_sanitize_inventory : At least one master is schedulable] *******
TASK [Detecting Operating System from ostree_booted] ***************************
[0;32mok: [master.jumpserver.org][0m
TASK [set openshift_deployment_type if unset] **********************************
TASK [initialize_facts set fact openshift_is_atomic and openshift_is_containerized] ***
[0;32mok: [master.jumpserver.org][0m
TASK [Set use_crio to True if cri-o rpm is requested] **************************
TASK [Determine Atomic ClusterHost Docker Version] ************************************
TASK [assert atomic host docker version is 1.12 or later] **********************
PLAY [Initialize special first-master variables] *******************************
TASK [Gathering Facts] *********************************************************
[0;32mok: [master.jumpserver.org][0m
TASK [stat] ********************************************************************
[0;32mok: [master.jumpserver.org][0m
TASK [slurp] *******************************************************************
[0;32mok: [master.jumpserver.org][0m
TASK [set_fact] ****************************************************************
[0;32mok: [master.jumpserver.org][0m
TASK [set_fact] ****************************************************************
[0;32mok: [master.jumpserver.org][0m
PLAY [Disable web console if required] *****************************************
TASK [set_fact] ****************************************************************
PLAY [Install packages necessary for installer] ********************************
TASK [Gathering Facts] *********************************************************
[0;32mok: [master.jumpserver.org][0m
TASK [Ensure openshift-ansible installer package deps are installed] ***********
[0;32mok: [master.jumpserver.org] => (item=iproute)[0m
[0;32mok: [master.jumpserver.org] => (item=dbus-python)[0m
[0;32mok: [master.jumpserver.org] => (item=PyYAML)[0m
[0;32mok: [master.jumpserver.org] => (item=python-ipaddress)[0m
[0;32mok: [master.jumpserver.org] => (item=yum-utils)[0m
TASK [Ensure various deps for running system containers are installed] *********
[0;36mskipping: [master.jumpserver.org] => (item=atomic) [0m
[0;36mskipping: [master.jumpserver.org] => (item=ostree) [0m
[0;36mskipping: [master.jumpserver.org] => (item=runc) [0m
PLAY [Initialize cluster facts] ************************************************
TASK [Gathering Facts] *********************************************************
[0;32mok: [master.jumpserver.org][0m
TASK [Gather Cluster facts] ****************************************************
[0;32mok: [master.jumpserver.org][0m
TASK [Set fact of no_proxy_internal_hostnames] *********************************
TASK [Initialize openshift.node.sdn_mtu] ***************************************
[0;32mok: [master.jumpserver.org][0m
PLAY [Initialize etcd host variables] ******************************************
TASK [Gathering Facts] *********************************************************
[0;32mok: [master.jumpserver.org][0m
TASK [set_fact] ****************************************************************
[0;32mok: [master.jumpserver.org][0m
TASK [set_fact] ****************************************************************
[0;32mok: [master.jumpserver.org][0m
PLAY [Determine openshift_version to configure on first master] ****************
TASK [Gathering Facts] *********************************************************
TASK [include_role] ************************************************************
PLAY [Set openshift_version for etcd, node, and master hosts] ******************
[0;36mskipping: no hosts matched[0m
PLAY [Ensure the requested version packages are available.] ********************
[0;36mskipping: no hosts matched[0m
PLAY [Verify Requirements] *****************************************************
TASK [Gathering Facts] *********************************************************
[0;32mok: [master.jumpserver.org][0m
TASK [Run variable sanity checks] **********************************************
NO MORE HOSTS LEFT *************************************************************
PLAY RECAP *********************************************************************
[0;32mlocalhost[0m                  : [0;32mok=11  [0m changed=0    unreachable=0    failed=0
[0;31mmaster.jumpserver.org[0m      : [0;32mok=27  [0m changed=0    unreachable=0    [0;31mfailed=1   [0m
[0;31mnode1.jumpserver.org[0m       : [0;32mok=1   [0m changed=0    [1;31munreachable=1   [0m failed=0
[0;31mnode2.jumpserver.org[0m       : ok=0    changed=0    [1;31munreachable=1   [0m failed=0
INSTALLER STATUS ***************************************************************
[0;31mInitialization             : In Progress (0:00:27)[0m
Task ansible_ui.tasks.execute_playbook[484c2715-4ad2-4e65-bcd9-499a42707bd7] succeeded in 27.467059636001068s: {'success': False, 'contacted': [{'hostname': 'node1.jumpserver.org', 'tasks': [...]}, {'hostname': 'localhost', 'tasks': [...]}, {'hostname': 'master.jumpserver.org', 'tasks': [...]}], 'dark': [{'hostname': 'node2.jumpserver.org', 'tasks': [...]}, {'hostname': 'node1.jumpserver.org', 'tasks': [...]}, {'hostname': 'master.jumpserver.org', 'tasks': [...]}]}
