{'_playbooks': ['playbooks/prerequisites.yml'], '_inventory': <ansible_ui.inventory.AnsibleUIInventory object at 0x1135bbda0>, '_variable_manager': <ansible.vars.manager.VariableManager object at 0x113e599e8>, '_loader': <ansible.parsing.dataloader.DataLoader object at 0x113e59a90>, '_options': Options(verbosity=0, listhosts=None, subset=None, module_path=None, extra_vars=[], forks=5, ask_vault_pass=False, vault_password_files=[], new_vault_password_files=[], vault_ids=[], new_vault_id=None, tags=['all'], skip_tags=[], ask_pass=False, private_key_file='', remote_user='root', connection='smart', timeout=10, ssh_common_args='', sftp_extra_args='', scp_extra_args='', ssh_extra_args='', sudo=False, sudo_user=None, su=False, su_user=None, become=False, become_method='sudo', become_user='root', ask_sudo_pass=False, ask_su_pass=False, become_ask_pass=False, check=False, syntax=None, diff=False, force_handlers=False, flush_cache=None, listtasks=None, listtags=None, step=None, start_at_task=None, passwords=None, host_key_checking=False, roles_path=['/Users/guang/projects/AnsibleUI/data/ansible/projects/demo/roles'], gathering='smart'), 'passwords': None, '_unreachable_hosts': {}, '_tqm': <ansible.executor.task_queue_manager.TaskQueueManager object at 0x113e64470>}
[1;35m [WARNING]: Could not match supplied host pattern, ignoring: oo_masters_to_config[0m
[1;35m[0m
PLAY [Fail openshift_kubelet_name_override for new hosts] **********************
TASK [Gathering Facts] *********************************************************
>>>>>>>>>>> node2.jumpserver.org : node2.jumpserver.org
[0;32mok: [node2.jumpserver.org][0m
>>>>>>>>>>> master.jumpserver.org : master.jumpserver.org
[0;32mok: [master.jumpserver.org][0m
>>>>>>>>>>> node1.jumpserver.org : node1.jumpserver.org
[0;32mok: [node1.jumpserver.org][0m
TASK [Fail when openshift_kubelet_name_override is defined] ********************
>>>>>>>>>>> node2.jumpserver.org : node2.jumpserver.org
[1;35m [WARNING]: Failure using method (v2_runner_on_skipped) in callback plugin (<ansible_ui.ansible.callback.PlaybookResultCallBack object at 0x113e64400>): 'skipped'[0m
[1;35m[0m
>>>>>>>>>>> node1.jumpserver.org : node1.jumpserver.org
>>>>>>>>>>> master.jumpserver.org : master.jumpserver.org
PLAY [Initialization Checkpoint Start] *****************************************
TASK [Set install initialization 'In Progress'] ********************************
>>>>>>>>>>> node1.jumpserver.org : node1.jumpserver.org
[0;32mok: [node1.jumpserver.org][0m
PLAY [Populate config host groups] *********************************************
TASK [Load group name mapping variables] ***************************************
>>>>>>>>>>> localhost : None
Task ansible_ui.tasks.execute_playbook[60db351e-746c-45c7-9220-dc9652ba745b] raised unexpected: AttributeError("'NoneType' object has no attribute 'name'",)
Traceback (most recent call last):
  File "/Users/guang/.virtualenvs/ansible/lib/python3.6/site-packages/celery/app/trace.py", line 382, in trace_task
    R = retval = fun(*args, **kwargs)
  File "/Users/guang/.virtualenvs/ansible/lib/python3.6/site-packages/celery/app/trace.py", line 641, in __protected_call__
    return self.run(*args, **kwargs)
  File "/Users/guang/projects/AnsibleUI/ansible_ui/tasks.py", line 18, in execute_playbook
    return playbook.execute(save_history=save_history)
  File "/Users/guang/projects/AnsibleUI/ansible_ui/models/playbook.py", line 185, in execute
    result = runner.run(self.playbook_path)
  File "/Users/guang/projects/AnsibleUI/ansible_ui/ansible/runner.py", line 242, in run
    executor.run()
  File "/Users/guang/.virtualenvs/ansible/lib/python3.6/site-packages/ansible/executor/playbook_executor.py", line 161, in run
    result = self._tqm.run(play=play)
  File "/Users/guang/.virtualenvs/ansible/lib/python3.6/site-packages/ansible/executor/task_queue_manager.py", line 289, in run
    play_return = strategy.run(iterator, play_context)
  File "/Users/guang/.virtualenvs/ansible/lib/python3.6/site-packages/ansible/plugins/strategy/linear.py", line 321, in run
    results += self._wait_on_pending_results(iterator)
  File "/Users/guang/.virtualenvs/ansible/lib/python3.6/site-packages/ansible/plugins/strategy/__init__.py", line 675, in _wait_on_pending_results
    results = self._process_pending_results(iterator)
  File "/Users/guang/.virtualenvs/ansible/lib/python3.6/site-packages/ansible/plugins/strategy/__init__.py", line 117, in inner
    results = func(self, iterator, one_pass=one_pass, max_passes=max_passes)
  File "/Users/guang/.virtualenvs/ansible/lib/python3.6/site-packages/ansible/plugins/strategy/__init__.py", line 434, in _process_pending_results
    queue_cache_entry = (original_host.name, task_result._task)
AttributeError: 'NoneType' object has no attribute 'name'
