{'_playbooks': ['playbooks/prerequisites.yml'], '_inventory': <ansible_ui.inventory.AnsibleUIInventory object at 0x11344ef28>, '_variable_manager': <ansible.vars.manager.VariableManager object at 0x113cbe2b0>, '_loader': <ansible.parsing.dataloader.DataLoader object at 0x113cafda0>, '_options': Options(verbosity=0, listhosts=None, subset=None, module_path=None, extra_vars=[], forks=5, ask_vault_pass=False, vault_password_files=[], new_vault_password_files=[], vault_ids=[], new_vault_id=None, tags=['all'], skip_tags=[], ask_pass=False, private_key_file='', remote_user='root', connection='smart', timeout=10, ssh_common_args='', sftp_extra_args='', scp_extra_args='', ssh_extra_args='', sudo=False, sudo_user=None, su=False, su_user=None, become=False, become_method='sudo', become_user='root', ask_sudo_pass=False, ask_su_pass=False, become_ask_pass=False, check=False, syntax=None, diff=False, force_handlers=False, flush_cache=None, listtasks=None, listtags=None, step=None, start_at_task=None, passwords=None, host_key_checking=False, roles_path=['/Users/guang/projects/AnsibleUI/data/ansible/projects/demo/roles'], gathering='smart'), 'passwords': None, '_unreachable_hosts': {}, '_tqm': <ansible.executor.task_queue_manager.TaskQueueManager object at 0x113cbe898>}
PLAY [Initialization Checkpoint Start] *****************************************
TASK [Set install initialization 'In Progress'] ********************************
[0;32mok: [node1.jumpserver.org][0m
PLAY [Populate config host groups] *********************************************
TASK [Load group name mapping variables] ***************************************
[0;32mok: [localhost][0m
TASK [Evaluate groups - g_etcd_hosts or g_new_etcd_hosts required] *************
[1;35m [WARNING]: Failure using method (v2_runner_on_skipped) in callback plugin (<ansible_ui.ansible.callback.PlaybookResultCallBack object at 0x113cbe828>): 'skipped'[0m
[1;35m[0m
TASK [Evaluate groups - g_master_hosts or g_new_master_hosts required] *********
TASK [Evaluate groups - g_node_hosts or g_new_node_hosts required] *************
TASK [Evaluate groups - g_lb_hosts required] ***********************************
TASK [Evaluate groups - g_nfs_hosts required] **********************************
TASK [Evaluate groups - g_nfs_hosts is single host] ****************************
TASK [Evaluate groups - g_glusterfs_hosts required] ****************************
TASK [Evaluate groups - Fail if no etcd hosts group is defined] ****************
TASK [Evaluate oo_all_hosts] ***************************************************
[0;32mok: [localhost] => (item=master.jumpserver.org)[0m
[0;32mok: [localhost] => (item=node2.jumpserver.org)[0m
[0;32mok: [localhost] => (item=node1.jumpserver.org)[0m
TASK [Evaluate oo_masters] *****************************************************
[0;32mok: [localhost] => (item=master.jumpserver.org)[0m
TASK [Evaluate oo_first_master] ************************************************
[0;32mok: [localhost][0m
TASK [Evaluate oo_new_etcd_to_config] ******************************************
TASK [Evaluate oo_masters_to_config] *******************************************
[0;32mok: [localhost] => (item=master.jumpserver.org)[0m
TASK [Evaluate oo_etcd_to_config] **********************************************
[0;32mok: [localhost] => (item=master.jumpserver.org)[0m
TASK [Evaluate oo_first_etcd] **************************************************
[0;32mok: [localhost][0m
TASK [Evaluate oo_etcd_hosts_to_upgrade] ***************************************
[0;32mok: [localhost] => (item=master.jumpserver.org)[0m
TASK [Evaluate oo_etcd_hosts_to_backup] ****************************************
[0;32mok: [localhost] => (item=master.jumpserver.org)[0m
TASK [Evaluate oo_nodes_to_config] *********************************************
[0;32mok: [localhost] => (item=node2.jumpserver.org)[0m
[0;32mok: [localhost] => (item=node1.jumpserver.org)[0m
[0;32mok: [localhost] => (item=master.jumpserver.org)[0m
TASK [Add master to oo_nodes_to_config] ****************************************
[0;36mskipping: [localhost] => (item=master.jumpserver.org) [0m
TASK [Evaluate oo_lb_to_config] ************************************************
TASK [Evaluate oo_nfs_to_config] ***********************************************
TASK [Evaluate oo_glusterfs_to_config] *****************************************
TASK [Evaluate oo_etcd_to_migrate] *********************************************
[0;32mok: [localhost] => (item=master.jumpserver.org)[0m
[1;35m [WARNING]: Could not match supplied host pattern, ignoring: oo_lb_to_config[0m
[1;35m[0m
[1;35m [WARNING]: Could not match supplied host pattern, ignoring: oo_nfs_to_config[0m
[1;35m[0m
PLAY [Ensure that all non-node hosts are accessible] ***************************
TASK [Gathering Facts] *********************************************************
[0;32mok: [master.jumpserver.org][0m
PLAY [Initialize basic host facts] *********************************************
TASK [Gathering Facts] *********************************************************
[0;32mok: [master.jumpserver.org][0m
[0;32mok: [node2.jumpserver.org][0m
[0;32mok: [node1.jumpserver.org][0m
TASK [openshift_sanitize_inventory : include_tasks] ****************************
[0;36mincluded: /Users/guang/projects/AnsibleUI/data/ansible/projects/demo/playbooks/openshift-ansible-openshift/roles/openshift_sanitize_inventory/tasks/deprecations.yml for master.jumpserver.org, node2.jumpserver.org, node1.jumpserver.org[0m
TASK [openshift_sanitize_inventory : Check for usage of deprecated variables] ***
[0;32mok: [master.jumpserver.org][0m
[0;32mok: [node2.jumpserver.org][0m
[0;32mok: [node1.jumpserver.org][0m
TASK [openshift_sanitize_inventory : debug] ************************************
TASK [openshift_sanitize_inventory : set_stats] ********************************
TASK [openshift_sanitize_inventory : Assign deprecated variables to correct counterparts] ***
[0;36mincluded: /Users/guang/projects/AnsibleUI/data/ansible/projects/demo/playbooks/openshift-ansible-openshift/roles/openshift_sanitize_inventory/tasks/__deprecations_metrics.yml for master.jumpserver.org, node2.jumpserver.org, node1.jumpserver.org[0m
[0;36mincluded: /Users/guang/projects/AnsibleUI/data/ansible/projects/demo/playbooks/openshift-ansible-openshift/roles/openshift_sanitize_inventory/tasks/__deprecations_logging.yml for master.jumpserver.org, node2.jumpserver.org, node1.jumpserver.org[0m
TASK [openshift_sanitize_inventory : conditional_set_fact] *********************
[0;32mok: [master.jumpserver.org][0m
[0;32mok: [node2.jumpserver.org][0m
[0;32mok: [node1.jumpserver.org][0m
TASK [openshift_sanitize_inventory : conditional_set_fact] *********************
[0;32mok: [master.jumpserver.org][0m
[0;32mok: [node2.jumpserver.org][0m
[0;32mok: [node1.jumpserver.org][0m
TASK [openshift_sanitize_inventory : set_fact] *********************************
[0;32mok: [master.jumpserver.org][0m
[0;32mok: [node2.jumpserver.org][0m
[0;32mok: [node1.jumpserver.org][0m
TASK [openshift_sanitize_inventory : Standardize on latest variable names] *****
[0;32mok: [master.jumpserver.org][0m
[0;32mok: [node2.jumpserver.org][0m
[0;32mok: [node1.jumpserver.org][0m
TASK [openshift_sanitize_inventory : Normalize openshift_release] **************
TASK [openshift_sanitize_inventory : Abort when openshift_release is invalid] ***
TASK [openshift_sanitize_inventory : include_tasks] ****************************
[0;36mincluded: /Users/guang/projects/AnsibleUI/data/ansible/projects/demo/playbooks/openshift-ansible-openshift/roles/openshift_sanitize_inventory/tasks/unsupported.yml for master.jumpserver.org, node2.jumpserver.org, node1.jumpserver.org[0m
TASK [openshift_sanitize_inventory : Ensure that openshift_use_dnsmasq is true] ***
TASK [openshift_sanitize_inventory : Ensure that openshift_node_dnsmasq_install_network_manager_hook is true] ***
TASK [openshift_sanitize_inventory : set_fact] *********************************
TASK [openshift_sanitize_inventory : Ensure that dynamic provisioning is set if using dynamic storage] ***
TASK [openshift_sanitize_inventory : Ensure the hosted registry's GlusterFS storage is configured correctly] ***
TASK [openshift_sanitize_inventory : Ensure the hosted registry's GlusterFS storage is configured correctly] ***
TASK [openshift_sanitize_inventory : Ensure clusterid is set along with the cloudprovider] ***
TASK [openshift_sanitize_inventory : Ensure ansible_service_broker_remove and ansible_service_broker_install are mutually exclusive] ***
TASK [openshift_sanitize_inventory : Ensure template_service_broker_remove and template_service_broker_install are mutually exclusive] ***
TASK [openshift_sanitize_inventory : Ensure that all requires vsphere configuration variables are set] ***
TASK [openshift_sanitize_inventory : Ensure removed web console extension variables are not set] ***
TASK [openshift_sanitize_inventory : Ensure that web console port matches API server port] ***
TASK [openshift_sanitize_inventory : At least one master is schedulable] *******
TASK [Detecting Operating System from ostree_booted] ***************************
[0;32mok: [master.jumpserver.org][0m
[0;32mok: [node1.jumpserver.org][0m
[0;32mok: [node2.jumpserver.org][0m
TASK [set openshift_deployment_type if unset] **********************************
TASK [initialize_facts set fact openshift_is_atomic and openshift_is_containerized] ***
[0;32mok: [master.jumpserver.org][0m
[0;32mok: [node2.jumpserver.org][0m
[0;32mok: [node1.jumpserver.org][0m
TASK [Set use_crio to True if cri-o rpm is requested] **************************
TASK [Determine Atomic ClusterHost Docker Version] ************************************
TASK [assert atomic host docker version is 1.12 or later] **********************
PLAY [Initialize special first-master variables] *******************************
TASK [Gathering Facts] *********************************************************
[0;32mok: [master.jumpserver.org][0m
TASK [stat] ********************************************************************
[0;32mok: [master.jumpserver.org][0m
TASK [slurp] *******************************************************************
[0;32mok: [master.jumpserver.org][0m
TASK [set_fact] ****************************************************************
[0;32mok: [master.jumpserver.org][0m
TASK [set_fact] ****************************************************************
[0;32mok: [master.jumpserver.org][0m
PLAY [Disable web console if required] *****************************************
TASK [set_fact] ****************************************************************
PLAY [Install packages necessary for installer] ********************************
TASK [Gathering Facts] *********************************************************
[0;32mok: [node1.jumpserver.org][0m
[0;32mok: [node2.jumpserver.org][0m
[0;32mok: [master.jumpserver.org][0m
TASK [Ensure openshift-ansible installer package deps are installed] ***********
[0;32mok: [node2.jumpserver.org] => (item=iproute)[0m
[0;32mok: [node1.jumpserver.org] => (item=iproute)[0m
[0;32mok: [master.jumpserver.org] => (item=iproute)[0m
[0;32mok: [node2.jumpserver.org] => (item=dbus-python)[0m
[0;32mok: [node1.jumpserver.org] => (item=dbus-python)[0m
[0;32mok: [master.jumpserver.org] => (item=dbus-python)[0m
[0;32mok: [node1.jumpserver.org] => (item=PyYAML)[0m
[0;32mok: [node2.jumpserver.org] => (item=PyYAML)[0m
[0;32mok: [master.jumpserver.org] => (item=PyYAML)[0m
[0;32mok: [node2.jumpserver.org] => (item=python-ipaddress)[0m
[0;32mok: [node1.jumpserver.org] => (item=python-ipaddress)[0m
[0;32mok: [master.jumpserver.org] => (item=python-ipaddress)[0m
[0;32mok: [node2.jumpserver.org] => (item=yum-utils)[0m
[0;32mok: [node1.jumpserver.org] => (item=yum-utils)[0m
[0;32mok: [master.jumpserver.org] => (item=yum-utils)[0m
TASK [Ensure various deps for running system containers are installed] *********
[0;36mskipping: [master.jumpserver.org] => (item=atomic) [0m
[0;36mskipping: [master.jumpserver.org] => (item=ostree) [0m
[0;36mskipping: [node2.jumpserver.org] => (item=atomic) [0m
[0;36mskipping: [master.jumpserver.org] => (item=runc) [0m
[0;36mskipping: [node2.jumpserver.org] => (item=ostree) [0m
[0;36mskipping: [node1.jumpserver.org] => (item=atomic) [0m
[0;36mskipping: [node2.jumpserver.org] => (item=runc) [0m
[0;36mskipping: [node1.jumpserver.org] => (item=ostree) [0m
[0;36mskipping: [node1.jumpserver.org] => (item=runc) [0m
PLAY [Initialize cluster facts] ************************************************
TASK [Gathering Facts] *********************************************************
[0;32mok: [node2.jumpserver.org][0m
[0;32mok: [master.jumpserver.org][0m
[0;32mok: [node1.jumpserver.org][0m
TASK [Gather Cluster facts] ****************************************************
[0;33mchanged: [node1.jumpserver.org][0m
[0;33mchanged: [node2.jumpserver.org][0m
[0;33mchanged: [master.jumpserver.org][0m
TASK [Set fact of no_proxy_internal_hostnames] *********************************
TASK [Initialize openshift.node.sdn_mtu] ***************************************
[0;32mok: [node1.jumpserver.org][0m
[0;32mok: [node2.jumpserver.org][0m
[0;32mok: [master.jumpserver.org][0m
PLAY [Initialize etcd host variables] ******************************************
TASK [Gathering Facts] *********************************************************
[0;32mok: [master.jumpserver.org][0m
TASK [set_fact] ****************************************************************
[0;32mok: [master.jumpserver.org][0m
TASK [set_fact] ****************************************************************
[0;32mok: [master.jumpserver.org][0m
PLAY [Determine openshift_version to configure on first master] ****************
TASK [Gathering Facts] *********************************************************
TASK [include_role] ************************************************************
PLAY [Set openshift_version for etcd, node, and master hosts] ******************
[0;36mskipping: no hosts matched[0m
PLAY [Ensure the requested version packages are available.] ********************
[0;36mskipping: no hosts matched[0m
PLAY [Verify Requirements] *****************************************************
TASK [Gathering Facts] *********************************************************
[0;32mok: [master.jumpserver.org][0m
TASK [Run variable sanity checks] **********************************************
[0;32mok: [master.jumpserver.org][0m
PLAY [Initialization Checkpoint End] *******************************************
TASK [Set install initialization 'Complete'] ***********************************
[0;32mok: [master.jumpserver.org][0m
PLAY [Validate node hostnames] *************************************************
TASK [Gathering Facts] *********************************************************
[0;32mok: [node1.jumpserver.org][0m
[0;32mok: [node2.jumpserver.org][0m
[0;32mok: [master.jumpserver.org][0m
TASK [Query DNS for IP address of node2] ***************************************
[0;32mnode2.jumpserver.org | SUCCESS | rc=0 >>[0m
[0;32m192.168.244.12[0m
[0;32m[0m
[0;32mnode1.jumpserver.org | SUCCESS | rc=0 >>[0m
[0;32m192.168.244.11[0m
[0;32m[0m
[0;32mmaster.jumpserver.org | SUCCESS | rc=0 >>[0m
[0;32m192.168.244.10[0m
[0;32m[0m
TASK [Validate openshift_hostname when defined] ********************************
TASK [Validate openshift_ip exists on node when defined] ***********************
PLAY [Setup yum repositories for all hosts] ************************************
TASK [rhel_subscribe : fail] ***************************************************
TASK [rhel_subscribe : Install Red Hat Subscription manager] *******************
TASK [rhel_subscribe : Is host already registered?] ****************************
TASK [rhel_subscribe : Register host] ******************************************
TASK [rhel_subscribe : fail] ***************************************************
TASK [rhel_subscribe : Determine if OpenShift Pool Already Attached] ***********
TASK [rhel_subscribe : Attach to OpenShift Pool] *******************************
TASK [rhel_subscribe : include_tasks] ******************************************
TASK [openshift_repos : openshift_repos detect ostree] *************************
[0;32mok: [node2.jumpserver.org][0m
[0;32mok: [master.jumpserver.org][0m
[0;32mok: [node1.jumpserver.org][0m
TASK [openshift_repos : Ensure libselinux-python is installed] *****************
[0;32mok: [node2.jumpserver.org][0m
[0;32mok: [node1.jumpserver.org][0m
[0;32mok: [master.jumpserver.org][0m
TASK [openshift_repos : Remove openshift_additional.repo file] *****************
[0;32mok: [master.jumpserver.org][0m
[0;32mok: [node2.jumpserver.org][0m
[0;32mok: [node1.jumpserver.org][0m
TASK [openshift_repos : Create any additional repos that are defined] **********
TASK [openshift_repos : include_tasks] *****************************************
TASK [openshift_repos : include_tasks] *****************************************
[0;36mincluded: /Users/guang/projects/AnsibleUI/data/ansible/projects/demo/playbooks/openshift-ansible-openshift/roles/openshift_repos/tasks/centos_repos.yml for master.jumpserver.org, node2.jumpserver.org, node1.jumpserver.org[0m
TASK [openshift_repos : Configure origin gpg keys] *****************************
[0;32mok: [node1.jumpserver.org][0m
[0;32mok: [node2.jumpserver.org][0m
[0;32mok: [master.jumpserver.org][0m
TASK [openshift_repos : Configure correct origin release repository] ***********
[0;32mok: [node2.jumpserver.org] => (item=/Users/guang/projects/AnsibleUI/data/ansible/projects/demo/playbooks/openshift-ansible-openshift/roles/openshift_repos/templates/CentOS-OpenShift-Origin.repo.j2)[0m
[0;32mok: [master.jumpserver.org] => (item=/Users/guang/projects/AnsibleUI/data/ansible/projects/demo/playbooks/openshift-ansible-openshift/roles/openshift_repos/templates/CentOS-OpenShift-Origin.repo.j2)[0m
[0;32mok: [node1.jumpserver.org] => (item=/Users/guang/projects/AnsibleUI/data/ansible/projects/demo/playbooks/openshift-ansible-openshift/roles/openshift_repos/templates/CentOS-OpenShift-Origin.repo.j2)[0m
TASK [openshift_repos : Ensure clean repo cache in the event repos have been changed manually] ***
[0;32mok: [master.jumpserver.org] => {[0m
[0;32m    "msg": "First run of openshift_repos"[0m
[0;32m}[0m
[0;32mok: [node2.jumpserver.org] => {[0m
[0;32m    "msg": "First run of openshift_repos"[0m
[0;32m}[0m
[0;32mok: [node1.jumpserver.org] => {[0m
[0;32m    "msg": "First run of openshift_repos"[0m
[0;32m}[0m
TASK [openshift_repos : Record that openshift_repos already ran] ***************
[0;32mok: [master.jumpserver.org][0m
[0;32mok: [node2.jumpserver.org][0m
[0;32mok: [node1.jumpserver.org][0m
RUNNING HANDLER [openshift_repos : refresh cache] ******************************
[0;32mnode2.jumpserver.org | SUCCESS | rc=0 >>[0m
[0;32mLoaded plugins: fastestmirror[0m
[0;32mCleaning repos: base centos-openshift-origin extras updates[0m
[0;32mCleaning up everything[0m
[0;32mMaybe you want: rm -rf /var/cache/yum, to also free up space taken by orphaned data from disabled or removed repos[0m
[0;32mCleaning up list of fastest mirrors[0m
[0;32m[0m
[0;32mnode1.jumpserver.org | SUCCESS | rc=0 >>[0m
[0;32mLoaded plugins: fastestmirror[0m
[0;32mCleaning repos: base centos-openshift-origin extras updates[0m
[0;32mCleaning up everything[0m
[0;32mMaybe you want: rm -rf /var/cache/yum, to also free up space taken by orphaned data from disabled or removed repos[0m
[0;32mCleaning up list of fastest mirrors[0m
[0;32m[0m
[0;32mmaster.jumpserver.org | SUCCESS | rc=0 >>[0m
[0;32mLoaded plugins: fastestmirror[0m
[0;32mCleaning repos: base centos-openshift-origin epel extras updates[0m
[0;32mCleaning up everything[0m
[0;32mMaybe you want: rm -rf /var/cache/yum, to also free up space taken by orphaned data from disabled or removed repos[0m
[0;32mCleaning up list of fastest mirrors[0m
[0;32m[0m
PLAY [Configure os_firewall] ***************************************************
TASK [Gathering Facts] *********************************************************
[0;32mok: [node1.jumpserver.org][0m
[0;32mok: [node2.jumpserver.org][0m
[0;32mok: [master.jumpserver.org][0m
TASK [os_firewall : Detecting Atomic ClusterHost Operating System] ********************
[0;32mok: [node2.jumpserver.org][0m
[0;32mok: [master.jumpserver.org][0m
[0;32mok: [node1.jumpserver.org][0m
TASK [os_firewall : Set fact r_os_firewall_is_atomic] **************************
[0;32mok: [master.jumpserver.org][0m
[0;32mok: [node2.jumpserver.org][0m
[0;32mok: [node1.jumpserver.org][0m
TASK [os_firewall : include_tasks] *********************************************
TASK [os_firewall : include_tasks] *********************************************
[0;36mincluded: /Users/guang/projects/AnsibleUI/data/ansible/projects/demo/playbooks/openshift-ansible-openshift/roles/os_firewall/tasks/iptables.yml for master.jumpserver.org, node2.jumpserver.org, node1.jumpserver.org[0m
TASK [os_firewall : Ensure firewalld service is not enabled] *******************
[0;32mok: [node1.jumpserver.org][0m
[0;32mok: [node2.jumpserver.org][0m
[0;32mok: [master.jumpserver.org][0m
Task ansible_ui.tasks.execute_playbook[aad1243d-5012-471c-af8b-39adae245b04] raised unexpected: TypeError('argument must be an int, or have a fileno() method.',)
Traceback (most recent call last):
  File "/Users/guang/.virtualenvs/ansible/lib/python3.6/site-packages/celery/app/trace.py", line 382, in trace_task
    R = retval = fun(*args, **kwargs)
  File "/Users/guang/.virtualenvs/ansible/lib/python3.6/site-packages/celery/app/trace.py", line 641, in __protected_call__
    return self.run(*args, **kwargs)
  File "/Users/guang/projects/AnsibleUI/ansible_ui/tasks.py", line 18, in execute_playbook
    return playbook.execute(save_history=save_history)
  File "/Users/guang/projects/AnsibleUI/ansible_ui/models/playbook.py", line 185, in execute
    result = runner.run(self.playbook_path)
  File "/Users/guang/projects/AnsibleUI/ansible_ui/ansible/runner.py", line 242, in run
    executor.run()
  File "/Users/guang/.virtualenvs/ansible/lib/python3.6/site-packages/ansible/executor/playbook_executor.py", line 161, in run
    result = self._tqm.run(play=play)
  File "/Users/guang/.virtualenvs/ansible/lib/python3.6/site-packages/ansible/executor/task_queue_manager.py", line 289, in run
    play_return = strategy.run(iterator, play_context)
  File "/Users/guang/.virtualenvs/ansible/lib/python3.6/site-packages/ansible/plugins/strategy/linear.py", line 247, in run
    action = action_loader.get(task.action, class_only=True)
  File "/Users/guang/.virtualenvs/ansible/lib/python3.6/site-packages/ansible/plugins/loader.py", line 366, in get
    self._module_cache[path] = self._load_module_source(name, path)
  File "/Users/guang/.virtualenvs/ansible/lib/python3.6/site-packages/ansible/plugins/loader.py", line 345, in _load_module_source
    module = imp.load_source(full_name, path, module_file)
  File "/Users/guang/.virtualenvs/ansible/lib/python3.6/imp.py", line 172, in load_source
    module = _load(spec)
  File "<frozen importlib._bootstrap>", line 675, in _load
  File "<frozen importlib._bootstrap>", line 655, in _load_unlocked
  File "<frozen importlib._bootstrap_external>", line 678, in exec_module
  File "<frozen importlib._bootstrap>", line 205, in _call_with_frames_removed
  File "/Users/guang/.virtualenvs/ansible/lib/python3.6/site-packages/ansible/plugins/action/pause.py", line 45, in <module>
    curses.setupterm()
TypeError: argument must be an int, or have a fileno() method.
