{'_playbooks': ['playbooks/prerequisites.yml'], '_inventory': <ansible_ui.inventory.AnsibleUIInventory object at 0x113659208>, '_variable_manager': <ansible.vars.manager.VariableManager object at 0x113ed9400>, '_loader': <ansible.parsing.dataloader.DataLoader object at 0x113ed9a58>, '_options': Options(verbosity=0, listhosts=None, subset=None, module_path=None, extra_vars=[], forks=5, ask_vault_pass=False, vault_password_files=[], new_vault_password_files=[], vault_ids=[], new_vault_id=None, tags=['all'], skip_tags=[], ask_pass=False, private_key_file='', remote_user='root', connection='smart', timeout=10, ssh_common_args='', sftp_extra_args='', scp_extra_args='', ssh_extra_args='', sudo=False, sudo_user=None, su=False, su_user=None, become=False, become_method='sudo', become_user='root', ask_sudo_pass=False, ask_su_pass=False, become_ask_pass=False, check=False, syntax=None, diff=False, force_handlers=False, flush_cache=None, listtasks=None, listtags=None, step=None, start_at_task=None, passwords=None, host_key_checking=False, roles_path=['/Users/guang/projects/AnsibleUI/data/ansible/projects/demo/roles'], gathering='smart'), 'passwords': None, '_unreachable_hosts': {}, '_tqm': <ansible.executor.task_queue_manager.TaskQueueManager object at 0x113ed9cf8>}
PLAY [Initialization Checkpoint Start] *****************************************
TASK [Set install initialization 'In Progress'] ********************************
PLAY [Populate config host groups] *********************************************
TASK [Load group name mapping variables] ***************************************
TASK [Evaluate groups - g_etcd_hosts or g_new_etcd_hosts required] *************
TASK [Evaluate groups - g_master_hosts or g_new_master_hosts required] *********
TASK [Evaluate groups - g_node_hosts or g_new_node_hosts required] *************
TASK [Evaluate groups - g_lb_hosts required] ***********************************
TASK [Evaluate groups - g_nfs_hosts required] **********************************
TASK [Evaluate groups - g_nfs_hosts is single host] ****************************
TASK [Evaluate groups - g_glusterfs_hosts required] ****************************
TASK [Evaluate groups - Fail if no etcd hosts group is defined] ****************
TASK [Evaluate oo_all_hosts] ***************************************************
TASK [Evaluate oo_masters] *****************************************************
TASK [Evaluate oo_first_master] ************************************************
TASK [Evaluate oo_new_etcd_to_config] ******************************************
TASK [Evaluate oo_masters_to_config] *******************************************
TASK [Evaluate oo_etcd_to_config] **********************************************
TASK [Evaluate oo_first_etcd] **************************************************
TASK [Evaluate oo_etcd_hosts_to_upgrade] ***************************************
TASK [Evaluate oo_etcd_hosts_to_backup] ****************************************
TASK [Evaluate oo_nodes_to_config] *********************************************
TASK [Add master to oo_nodes_to_config] ****************************************
TASK [Evaluate oo_lb_to_config] ************************************************
TASK [Evaluate oo_nfs_to_config] ***********************************************
TASK [Evaluate oo_glusterfs_to_config] *****************************************
TASK [Evaluate oo_etcd_to_migrate] *********************************************
[1;35m [WARNING]: Could not match supplied host pattern, ignoring: oo_masters_to_config[0m
[1;35m[0m
[1;35m [WARNING]: Could not match supplied host pattern, ignoring: oo_etcd_to_config[0m
[1;35m[0m
[1;35m [WARNING]: Could not match supplied host pattern, ignoring: oo_lb_to_config[0m
[1;35m[0m
[1;35m [WARNING]: Could not match supplied host pattern, ignoring: oo_nfs_to_config[0m
[1;35m[0m
PLAY [Ensure that all non-node hosts are accessible] ***************************
[0;36mskipping: no hosts matched[0m
[1;35m [WARNING]: Could not match supplied host pattern, ignoring: oo_all_hosts[0m
[1;35m[0m
PLAY [Initialize basic host facts] *********************************************
[0;36mskipping: no hosts matched[0m
[1;35m [WARNING]: Could not match supplied host pattern, ignoring: oo_first_master[0m
[1;35m[0m
PLAY [Initialize special first-master variables] *******************************
[0;36mskipping: no hosts matched[0m
PLAY [Disable web console if required] *****************************************
[0;36mskipping: no hosts matched[0m
PLAY [Install packages necessary for installer] ********************************
[0;36mskipping: no hosts matched[0m
PLAY [Initialize cluster facts] ************************************************
[0;36mskipping: no hosts matched[0m
PLAY [Initialize etcd host variables] ******************************************
[0;36mskipping: no hosts matched[0m
PLAY [Determine openshift_version to configure on first master] ****************
[0;36mskipping: no hosts matched[0m
PLAY [Set openshift_version for etcd, node, and master hosts] ******************
[0;36mskipping: no hosts matched[0m
PLAY [Ensure the requested version packages are available.] ********************
[0;36mskipping: no hosts matched[0m
PLAY [Verify Requirements] *****************************************************
[0;36mskipping: no hosts matched[0m
PLAY [Initialization Checkpoint End] *******************************************
TASK [Set install initialization 'Complete'] ***********************************
[1;35m [WARNING]: Could not match supplied host pattern, ignoring: oo_nodes_to_config[0m
[1;35m[0m
PLAY [Validate node hostnames] *************************************************
[0;36mskipping: no hosts matched[0m
PLAY [Setup yum repositories for all hosts] ************************************
[0;36mskipping: no hosts matched[0m
PLAY [Configure os_firewall] ***************************************************
[0;36mskipping: no hosts matched[0m
PLAY [create oo_hosts_containerized_managed_true host group] *******************
[0;36mskipping: no hosts matched[0m
[1;35m [WARNING]: Could not match supplied host pattern, ignoring: oo_hosts_containerized_managed_true[0m
[1;35m[0m
PLAY [oo_nodes_to_config:oo_hosts_containerized_managed_true] ******************
[0;36mskipping: no hosts matched[0m
PLAY [create oo_hosts_containerized_managed_true host group] *******************
[0;36mskipping: no hosts matched[0m
PLAY [oo_nodes_to_config:oo_hosts_containerized_managed_true] ******************
[0;36mskipping: no hosts matched[0m
PLAY RECAP *********************************************************************
Task ansible_ui.tasks.execute_playbook[d87bef9a-66f1-4575-a83e-5439bd72ac29] succeeded in 1.2135161490004975s: {'success': True}
